<?xml version="1.0" encoding="UTF-8"?>
<testng-results ignored="0" total="1" passed="1" failed="0" skipped="0">
  <reporter-output>
  </reporter-output>
  <suite started-at="2020-09-25T00:50:39Z" name="Surefire suite" finished-at="2020-09-25T00:50:54Z" duration-ms="14892">
    <groups>
      <group name="cucumber">
        <method signature="AbstractTestNGCucumberTests.feature(cucumber.api.testng.CucumberFeatureWrapper)[pri:0, instance:com.project.NHSBSA.TestRunner@48ae9b55]" name="feature" class="cucumber.api.testng.AbstractTestNGCucumberTests"/>
      </group> <!-- cucumber -->
    </groups>
    <test started-at="2020-09-25T00:50:39Z" name="Surefire test" finished-at="2020-09-25T00:50:54Z" duration-ms="14892">
      <class name="com.project.NHSBSA.TestRunner">
        <test-method is-config="true" signature="setUpClass()[pri:0, instance:com.project.NHSBSA.TestRunner@48ae9b55]" started-at="2020-09-25T00:50:39Z" name="setUpClass" finished-at="2020-09-25T00:50:40Z" duration-ms="311" status="PASS">
          <reporter-output>
          </reporter-output>
        </test-method> <!-- setUpClass -->
        <test-method signature="feature(cucumber.api.testng.CucumberFeatureWrapper)[pri:0, instance:com.project.NHSBSA.TestRunner@48ae9b55]" started-at="2020-09-25T00:50:40Z" name="feature" description="Runs Cucumber Feature" data-provider="features" finished-at="2020-09-25T00:50:54Z" duration-ms="14426" status="PASS">
          <params>
            <param index="0">
              <value>
                <![CDATA[NHS Costs checker End to End journey]]>
              </value>
            </param>
          </params>
          <reporter-output>
          </reporter-output>
        </test-method> <!-- feature -->
        <test-method is-config="true" signature="tearDownClass()[pri:0, instance:com.project.NHSBSA.TestRunner@48ae9b55]" started-at="2020-09-25T00:50:54Z" name="tearDownClass" finished-at="2020-09-25T00:50:54Z" duration-ms="50" status="PASS">
          <reporter-output>
          </reporter-output>
        </test-method> <!-- tearDownClass -->
      </class> <!-- com.project.NHSBSA.TestRunner -->
    </test> <!-- Surefire test -->
  </suite> <!-- Surefire suite -->
</testng-results>
